app/build/intermediates/manifest_merge_blame_file/debug/manifest-merger-blame-debug-report.txt
1<?xml version="1.0" encoding="utf-8"?>
2<manifest xmlns:android="http://schemas.android.com/apk/res/android"
3    package="com.ridho.a10120082_uts"
4    android:versionCode="1"
5    android:versionName="1.0" >
6
7    <uses-sdk
8        android:minSdkVersion="21"
8-->src\main\AndroidManifest.xml
9        android:targetSdkVersion="32" />
9-->src\main\AndroidManifest.xml
10
11    <application
11-->src\main\AndroidManifest.xml:6:5-33:19
12        android:allowBackup="true"
12-->src\main\AndroidManifest.xml:7:9-35
13        android:appComponentFactory="androidx.core.app.CoreComponentFactory"
13-->[androidx.core:core:1.7.0] AndroidManifest.xml:24:18-86
14        android:dataExtractionRules="@xml/data_extraction_rules"
14-->src\main\AndroidManifest.xml:8:9-65
15        android:debuggable="true"
16        android:fullBackupContent="@xml/backup_rules"
16-->src\main\AndroidManifest.xml:9:9-54
17        android:icon="@mipmap/ic_launcher"
17-->src\main\AndroidManifest.xml:10:9-43
18        android:label="@string/app_name"
18-->src\main\AndroidManifest.xml:11:9-41
19        android:roundIcon="@mipmap/ic_launcher_round"
19-->src\main\AndroidManifest.xml:12:9-54
20        android:supportsRtl="true"
20-->src\main\AndroidManifest.xml:13:9-35
21        android:theme="@style/Theme.10120082UTS" >
21-->src\main\AndroidManifest.xml:14:9-49
22        <activity android:name="com.ridho.a10120082_uts.main.profile.ProfileActivity" />
22-->src\main\AndroidManifest.xml:16:9-75
22-->src\main\AndroidManifest.xml:16:19-63
23        <activity android:name="com.ridho.a10120082_uts.main.diary.UpdateActivity" />
23-->src\main\AndroidManifest.xml:17:9-63
23-->src\main\AndroidManifest.xml:17:19-60
24        <activity android:name="com.ridho.a10120082_uts.main.diary.SaveActivity" />
24-->src\main\AndroidManifest.xml:18:9-61
24-->src\main\AndroidManifest.xml:18:19-58
25        <activity android:name="com.ridho.a10120082_uts.main.diary.NotesActivity" />
25-->src\main\AndroidManifest.xml:19:9-62
25-->src\main\AndroidManifest.xml:19:19-59
26        <activity android:name="com.ridho.a10120082_uts.main.diary.ListNoteActivity" />
26-->src\main\AndroidManifest.xml:20:9-65
26-->src\main\AndroidManifest.xml:20:19-62
27        <activity android:name="com.ridho.a10120082_uts.main.diary.SaveCategoryActivity" />
27-->src\main\AndroidManifest.xml:21:9-69
27-->src\main\AndroidManifest.xml:21:19-66
28        <activity android:name="com.ridho.a10120082_uts.main.diary.CategoriActivity" />
28-->src\main\AndroidManifest.xml:22:9-65
28-->src\main\AndroidManifest.xml:22:19-62
29        <activity
29-->src\main\AndroidManifest.xml:23:9-32:20
30            android:name="com.ridho.a10120082_uts.main.viewpager.ViewPagerActivity"
30-->src\main\AndroidManifest.xml:24:13-61
31            android:exported="true"
31-->src\main\AndroidManifest.xml:26:13-36
32            android:theme="@style/SplashScreenStyle" >
32-->src\main\AndroidManifest.xml:25:13-53
33            <intent-filter>
33-->src\main\AndroidManifest.xml:27:13-31:29
34                <action android:name="android.intent.action.MAIN" />
34-->src\main\AndroidManifest.xml:28:17-69
34-->src\main\AndroidManifest.xml:28:25-66
35
36                <category android:name="android.intent.category.LAUNCHER" />
36-->src\main\AndroidManifest.xml:30:17-77
36-->src\main\AndroidManifest.xml:30:27-74
37            </intent-filter>
38        </activity>
39
40        <provider
40-->[androidx.emoji2:emoji2:1.0.0] AndroidManifest.xml:26:9-34:20
41            android:name="androidx.startup.InitializationProvider"
41-->[androidx.emoji2:emoji2:1.0.0] AndroidManifest.xml:27:13-67
42            android:authorities="com.ridho.a10120082_uts.androidx-startup"
42-->[androidx.emoji2:emoji2:1.0.0] AndroidManifest.xml:28:13-68
43            android:exported="false" >
43-->[androidx.emoji2:emoji2:1.0.0] AndroidManifest.xml:29:13-37
44            <meta-data
44-->[androidx.emoji2:emoji2:1.0.0] AndroidManifest.xml:31:13-33:52
45                android:name="androidx.emoji2.text.EmojiCompatInitializer"
45-->[androidx.emoji2:emoji2:1.0.0] AndroidManifest.xml:32:17-75
46                android:value="androidx.startup" />
46-->[androidx.emoji2:emoji2:1.0.0] AndroidManifest.xml:33:17-49
47            <meta-data
47-->[androidx.lifecycle:lifecycle-process:2.4.0] AndroidManifest.xml:31:13-33:52
48                android:name="androidx.lifecycle.ProcessLifecycleInitializer"
48-->[androidx.lifecycle:lifecycle-process:2.4.0] AndroidManifest.xml:32:17-78
49                android:value="androidx.startup" />
49-->[androidx.lifecycle:lifecycle-process:2.4.0] AndroidManifest.xml:33:17-49
50        </provider>
51    </application>
52
53</manifest>